android/app/build/intermediates/manifest_merge_blame_file/debug/processDebugMainManifest/manifest-merger-blame-debug-report.txt
1<?xml version="1.0" encoding="utf-8"?>
2<manifest xmlns:android="http://schemas.android.com/apk/res/android"
3    package="com.example.gym_bay_beo"
4    android:versionCode="1"
5    android:versionName="1.0.0" >
6
7    <uses-sdk
8        android:minSdkVersion="24"
9        android:targetSdkVersion="36" />
10    <!--
11         The INTERNET permission is required for development. Specifically,
12         the Flutter tool needs it to communicate with the running application
13         to allow setting breakpoints, to provide hot reload, etc.
14    -->
15    <uses-permission android:name="android.permission.INTERNET" />
15-->src\main\AndroidManifest.xml:5:5-66
15-->src\main\AndroidManifest.xml:5:22-64
16    <!-- Quyền cần thiết -->
17    <uses-permission android:name="android.permission.CAMERA" /> <!-- Cần cho Flutter text processing -->
17-->src\main\AndroidManifest.xml:4:5-64
17-->src\main\AndroidManifest.xml:4:22-62
18    <queries>
18-->src\main\AndroidManifest.xml:38:5-43:15
19        <intent>
19-->src\main\AndroidManifest.xml:39:9-42:18
20            <action android:name="android.intent.action.PROCESS_TEXT" />
20-->src\main\AndroidManifest.xml:40:13-72
20-->src\main\AndroidManifest.xml:40:21-70
21
22            <data android:mimeType="text/plain" />
22-->src\main\AndroidManifest.xml:41:13-50
22-->src\main\AndroidManifest.xml:41:19-48
23        </intent>
24    </queries>
25
26    <uses-permission android:name="android.permission.ACCESS_NETWORK_STATE" />
26-->[com.google.firebase:firebase-auth:23.2.1] AndroidManifest.xml:26:5-79
26-->[com.google.firebase:firebase-auth:23.2.1] AndroidManifest.xml:26:22-76
27    <uses-permission android:name="com.google.android.providers.gsf.permission.READ_GSERVICES" />
27-->[com.google.android.recaptcha:recaptcha:18.6.1] AndroidManifest.xml:9:5-98
27-->[com.google.android.recaptcha:recaptcha:18.6.1] AndroidManifest.xml:9:22-95
28
29    <permission
29-->[androidx.core:core:1.13.1] AndroidManifest.xml:22:5-24:47
30        android:name="com.example.gym_bay_beo.DYNAMIC_RECEIVER_NOT_EXPORTED_PERMISSION"
30-->[androidx.core:core:1.13.1] AndroidManifest.xml:23:9-81
31        android:protectionLevel="signature" />
31-->[androidx.core:core:1.13.1] AndroidManifest.xml:24:9-44
32
33    <uses-permission android:name="com.example.gym_bay_beo.DYNAMIC_RECEIVER_NOT_EXPORTED_PERMISSION" /> <!-- Don't require camera, as this requires a rear camera. This allows it to work on the Nexus 7 -->
33-->[androidx.core:core:1.13.1] AndroidManifest.xml:26:5-97
33-->[androidx.core:core:1.13.1] AndroidManifest.xml:26:22-94
34    <uses-feature
34-->[com.journeyapps:zxing-android-embedded:4.3.0] AndroidManifest.xml:25:5-27:36
35        android:name="android.hardware.camera"
35-->[com.journeyapps:zxing-android-embedded:4.3.0] AndroidManifest.xml:26:9-47
36        android:required="false" />
36-->[com.journeyapps:zxing-android-embedded:4.3.0] AndroidManifest.xml:27:9-33
37    <uses-feature
37-->[com.journeyapps:zxing-android-embedded:4.3.0] AndroidManifest.xml:28:5-30:36
38        android:name="android.hardware.camera.front"
38-->[com.journeyapps:zxing-android-embedded:4.3.0] AndroidManifest.xml:29:9-53
39        android:required="false" /> <!-- TODO replace above two with next line after Android 4.2 -->
39-->[com.journeyapps:zxing-android-embedded:4.3.0] AndroidManifest.xml:30:9-33
40    <!-- <uses-feature android:name="android.hardware.camera.any"/> -->
41    <uses-feature
41-->[com.journeyapps:zxing-android-embedded:4.3.0] AndroidManifest.xml:33:5-35:36
42        android:name="android.hardware.camera.autofocus"
42-->[com.journeyapps:zxing-android-embedded:4.3.0] AndroidManifest.xml:34:9-57
43        android:required="false" />
43-->[com.journeyapps:zxing-android-embedded:4.3.0] AndroidManifest.xml:35:9-33
44    <uses-feature
44-->[com.journeyapps:zxing-android-embedded:4.3.0] AndroidManifest.xml:36:5-38:36
45        android:name="android.hardware.camera.flash"
45-->[com.journeyapps:zxing-android-embedded:4.3.0] AndroidManifest.xml:37:9-53
46        android:required="false" />
46-->[com.journeyapps:zxing-android-embedded:4.3.0] AndroidManifest.xml:38:9-33
47    <uses-feature
47-->[com.journeyapps:zxing-android-embedded:4.3.0] AndroidManifest.xml:39:5-41:36
48        android:name="android.hardware.screen.landscape"
48-->[com.journeyapps:zxing-android-embedded:4.3.0] AndroidManifest.xml:40:9-57
49        android:required="false" />
49-->[com.journeyapps:zxing-android-embedded:4.3.0] AndroidManifest.xml:41:9-33
50    <uses-feature
50-->[com.journeyapps:zxing-android-embedded:4.3.0] AndroidManifest.xml:42:5-44:36
51        android:name="android.hardware.wifi"
51-->[com.journeyapps:zxing-android-embedded:4.3.0] AndroidManifest.xml:43:9-45
52        android:required="false" />
52-->[com.journeyapps:zxing-android-embedded:4.3.0] AndroidManifest.xml:44:9-33
53
54    <application
55        android:name="android.app.Application"
56        android:appComponentFactory="androidx.core.app.CoreComponentFactory"
56-->[androidx.core:core:1.13.1] AndroidManifest.xml:28:18-86
57        android:debuggable="true"
58        android:extractNativeLibs="false"
59        android:icon="@mipmap/gymbaybeologo"
60        android:label="Gym Bay Béo" >
61        <activity
62            android:name="com.example.gym_bay_beo.MainActivity"
63            android:configChanges="orientation|keyboardHidden|keyboard|screenSize|smallestScreenSize|locale|layoutDirection|fontScale|screenLayout|density|uiMode"
64            android:exported="true"
65            android:hardwareAccelerated="true"
66            android:launchMode="singleTop"
67            android:taskAffinity=""
68            android:theme="@style/LaunchTheme"
69            android:windowSoftInputMode="adjustResize" >
70            <meta-data
71                android:name="io.flutter.embedding.android.NormalTheme"
72                android:resource="@style/NormalTheme" />
73
74            <intent-filter>
75                <action android:name="android.intent.action.MAIN" />
76
77                <category android:name="android.intent.category.LAUNCHER" />
78            </intent-filter>
79        </activity>
80
81        <meta-data
82            android:name="flutterEmbedding"
83            android:value="2" />
84
85        <service
85-->[:firebase_auth] AndroidManifest.xml:8:9-12:19
86            android:name="com.google.firebase.components.ComponentDiscoveryService"
86-->[:firebase_auth] AndroidManifest.xml:8:18-89
87            android:directBootAware="true"
87-->[com.google.firebase:firebase-common:21.0.0] AndroidManifest.xml:32:13-43
88            android:exported="false" >
88-->[com.google.firebase:firebase-auth:23.2.1] AndroidManifest.xml:68:13-37
89            <meta-data
89-->[:firebase_auth] AndroidManifest.xml:9:13-11:85
90                android:name="com.google.firebase.components:io.flutter.plugins.firebase.auth.FlutterFirebaseAuthRegistrar"
90-->[:firebase_auth] AndroidManifest.xml:10:17-124
91                android:value="com.google.firebase.components.ComponentRegistrar" />
91-->[:firebase_auth] AndroidManifest.xml:11:17-82
92            <meta-data
92-->[:cloud_firestore] AndroidManifest.xml:9:13-11:85
93                android:name="com.google.firebase.components:io.flutter.plugins.firebase.firestore.FlutterFirebaseFirestoreRegistrar"
93-->[:cloud_firestore] AndroidManifest.xml:10:17-134
94                android:value="com.google.firebase.components.ComponentRegistrar" />
94-->[:cloud_firestore] AndroidManifest.xml:11:17-82
95            <meta-data
95-->[:firebase_storage] AndroidManifest.xml:9:13-11:85
96                android:name="com.google.firebase.components:io.flutter.plugins.firebase.storage.FlutterFirebaseAppRegistrar"
96-->[:firebase_storage] AndroidManifest.xml:10:17-126
97                android:value="com.google.firebase.components.ComponentRegistrar" />
97-->[:firebase_storage] AndroidManifest.xml:11:17-82
98            <meta-data
98-->[:firebase_core] AndroidManifest.xml:9:13-11:85
99                android:name="com.google.firebase.components:io.flutter.plugins.firebase.core.FlutterFirebaseCoreRegistrar"
99-->[:firebase_core] AndroidManifest.xml:10:17-124
100                android:value="com.google.firebase.components.ComponentRegistrar" />
100-->[:firebase_core] AndroidManifest.xml:11:17-82
101            <meta-data
101-->[com.google.firebase:firebase-auth:23.2.1] AndroidManifest.xml:69:13-71:85
102                android:name="com.google.firebase.components:com.google.firebase.auth.FirebaseAuthRegistrar"
102-->[com.google.firebase:firebase-auth:23.2.1] AndroidManifest.xml:70:17-109
103                android:value="com.google.firebase.components.ComponentRegistrar" />
103-->[com.google.firebase:firebase-auth:23.2.1] AndroidManifest.xml:71:17-82
104            <meta-data
104-->[com.google.firebase:firebase-firestore:25.1.4] AndroidManifest.xml:17:13-19:85
105                android:name="com.google.firebase.components:com.google.firebase.firestore.FirebaseFirestoreKtxRegistrar"
105-->[com.google.firebase:firebase-firestore:25.1.4] AndroidManifest.xml:18:17-122
106                android:value="com.google.firebase.components.ComponentRegistrar" />
106-->[com.google.firebase:firebase-firestore:25.1.4] AndroidManifest.xml:19:17-82
107            <meta-data
107-->[com.google.firebase:firebase-firestore:25.1.4] AndroidManifest.xml:20:13-22:85
108                android:name="com.google.firebase.components:com.google.firebase.firestore.FirestoreRegistrar"
108-->[com.google.firebase:firebase-firestore:25.1.4] AndroidManifest.xml:21:17-111
109                android:value="com.google.firebase.components.ComponentRegistrar" />
109-->[com.google.firebase:firebase-firestore:25.1.4] AndroidManifest.xml:22:17-82
110            <meta-data
110-->[com.google.firebase:firebase-storage:21.0.2] AndroidManifest.xml:30:13-32:85
111                android:name="com.google.firebase.components:com.google.firebase.storage.FirebaseStorageKtxRegistrar"
111-->[com.google.firebase:firebase-storage:21.0.2] AndroidManifest.xml:31:17-118
112                android:value="com.google.firebase.components.ComponentRegistrar" />
112-->[com.google.firebase:firebase-storage:21.0.2] AndroidManifest.xml:32:17-82
113            <meta-data
113-->[com.google.firebase:firebase-storage:21.0.2] AndroidManifest.xml:33:13-35:85
114                android:name="com.google.firebase.components:com.google.firebase.storage.StorageRegistrar"
114-->[com.google.firebase:firebase-storage:21.0.2] AndroidManifest.xml:34:17-107
115                android:value="com.google.firebase.components.ComponentRegistrar" />
115-->[com.google.firebase:firebase-storage:21.0.2] AndroidManifest.xml:35:17-82
116            <meta-data
116-->[com.google.firebase:firebase-appcheck:18.0.0] AndroidManifest.xml:25:13-27:85
117                android:name="com.google.firebase.components:com.google.firebase.appcheck.FirebaseAppCheckKtxRegistrar"
117-->[com.google.firebase:firebase-appcheck:18.0.0] AndroidManifest.xml:26:17-120
118                android:value="com.google.firebase.components.ComponentRegistrar" />
118-->[com.google.firebase:firebase-appcheck:18.0.0] AndroidManifest.xml:27:17-82
119            <meta-data
119-->[com.google.firebase:firebase-appcheck:18.0.0] AndroidManifest.xml:28:13-30:85
120                android:name="com.google.firebase.components:com.google.firebase.appcheck.FirebaseAppCheckRegistrar"
120-->[com.google.firebase:firebase-appcheck:18.0.0] AndroidManifest.xml:29:17-117
121                android:value="com.google.firebase.components.ComponentRegistrar" />
121-->[com.google.firebase:firebase-appcheck:18.0.0] AndroidManifest.xml:30:17-82
122            <meta-data
122-->[com.google.firebase:firebase-common-ktx:21.0.0] AndroidManifest.xml:12:13-14:85
123                android:name="com.google.firebase.components:com.google.firebase.ktx.FirebaseCommonLegacyRegistrar"
123-->[com.google.firebase:firebase-common-ktx:21.0.0] AndroidManifest.xml:13:17-116
124                android:value="com.google.firebase.components.ComponentRegistrar" />
124-->[com.google.firebase:firebase-common-ktx:21.0.0] AndroidManifest.xml:14:17-82
125            <meta-data
125-->[com.google.firebase:firebase-common:21.0.0] AndroidManifest.xml:35:13-37:85
126                android:name="com.google.firebase.components:com.google.firebase.FirebaseCommonKtxRegistrar"
126-->[com.google.firebase:firebase-common:21.0.0] AndroidManifest.xml:36:17-109
127                android:value="com.google.firebase.components.ComponentRegistrar" />
127-->[com.google.firebase:firebase-common:21.0.0] AndroidManifest.xml:37:17-82
128        </service>
129
130        <activity
130-->[com.google.firebase:firebase-auth:23.2.1] AndroidManifest.xml:29:9-46:20
131            android:name="com.google.firebase.auth.internal.GenericIdpActivity"
131-->[com.google.firebase:firebase-auth:23.2.1] AndroidManifest.xml:30:13-80
132            android:excludeFromRecents="true"
132-->[com.google.firebase:firebase-auth:23.2.1] AndroidManifest.xml:31:13-46
133            android:exported="true"
133-->[com.google.firebase:firebase-auth:23.2.1] AndroidManifest.xml:32:13-36
134            android:launchMode="singleTask"
134-->[com.google.firebase:firebase-auth:23.2.1] AndroidManifest.xml:33:13-44
135            android:theme="@android:style/Theme.Translucent.NoTitleBar" >
135-->[com.google.firebase:firebase-auth:23.2.1] AndroidManifest.xml:34:13-72
136            <intent-filter>
136-->[com.google.firebase:firebase-auth:23.2.1] AndroidManifest.xml:35:13-45:29
137                <action android:name="android.intent.action.VIEW" />
137-->[com.google.firebase:firebase-auth:23.2.1] AndroidManifest.xml:36:17-69
137-->[com.google.firebase:firebase-auth:23.2.1] AndroidManifest.xml:36:25-66
138
139                <category android:name="android.intent.category.DEFAULT" />
139-->[com.google.firebase:firebase-auth:23.2.1] AndroidManifest.xml:38:17-76
139-->[com.google.firebase:firebase-auth:23.2.1] AndroidManifest.xml:38:27-73
140                <category android:name="android.intent.category.BROWSABLE" />
140-->[com.google.firebase:firebase-auth:23.2.1] AndroidManifest.xml:39:17-78
140-->[com.google.firebase:firebase-auth:23.2.1] AndroidManifest.xml:39:27-75
141
142                <data
142-->src\main\AndroidManifest.xml:41:13-50
143                    android:host="firebase.auth"
144                    android:path="/"
145                    android:scheme="genericidp" />
146            </intent-filter>
147        </activity>
148        <activity
148-->[com.google.firebase:firebase-auth:23.2.1] AndroidManifest.xml:47:9-64:20
149            android:name="com.google.firebase.auth.internal.RecaptchaActivity"
149-->[com.google.firebase:firebase-auth:23.2.1] AndroidManifest.xml:48:13-79
150            android:excludeFromRecents="true"
150-->[com.google.firebase:firebase-auth:23.2.1] AndroidManifest.xml:49:13-46
151            android:exported="true"
151-->[com.google.firebase:firebase-auth:23.2.1] AndroidManifest.xml:50:13-36
152            android:launchMode="singleTask"
152-->[com.google.firebase:firebase-auth:23.2.1] AndroidManifest.xml:51:13-44
153            android:theme="@android:style/Theme.Translucent.NoTitleBar" >
153-->[com.google.firebase:firebase-auth:23.2.1] AndroidManifest.xml:52:13-72
154            <intent-filter>
154-->[com.google.firebase:firebase-auth:23.2.1] AndroidManifest.xml:53:13-63:29
155                <action android:name="android.intent.action.VIEW" />
155-->[com.google.firebase:firebase-auth:23.2.1] AndroidManifest.xml:36:17-69
155-->[com.google.firebase:firebase-auth:23.2.1] AndroidManifest.xml:36:25-66
156
157                <category android:name="android.intent.category.DEFAULT" />
157-->[com.google.firebase:firebase-auth:23.2.1] AndroidManifest.xml:38:17-76
157-->[com.google.firebase:firebase-auth:23.2.1] AndroidManifest.xml:38:27-73
158                <category android:name="android.intent.category.BROWSABLE" />
158-->[com.google.firebase:firebase-auth:23.2.1] AndroidManifest.xml:39:17-78
158-->[com.google.firebase:firebase-auth:23.2.1] AndroidManifest.xml:39:27-75
159
160                <data
160-->src\main\AndroidManifest.xml:41:13-50
161                    android:host="firebase.auth"
162                    android:path="/"
163                    android:scheme="recaptcha" />
164            </intent-filter>
165        </activity>
166
167        <service
167-->[androidx.credentials:credentials-play-services-auth:1.2.0-rc01] AndroidManifest.xml:24:9-32:19
168            android:name="androidx.credentials.playservices.CredentialProviderMetadataHolder"
168-->[androidx.credentials:credentials-play-services-auth:1.2.0-rc01] AndroidManifest.xml:25:13-94
169            android:enabled="true"
169-->[androidx.credentials:credentials-play-services-auth:1.2.0-rc01] AndroidManifest.xml:26:13-35
170            android:exported="false" >
170-->[androidx.credentials:credentials-play-services-auth:1.2.0-rc01] AndroidManifest.xml:27:13-37
171            <meta-data
171-->[androidx.credentials:credentials-play-services-auth:1.2.0-rc01] AndroidManifest.xml:29:13-31:104
172                android:name="androidx.credentials.CREDENTIAL_PROVIDER_KEY"
172-->[androidx.credentials:credentials-play-services-auth:1.2.0-rc01] AndroidManifest.xml:30:17-76
173                android:value="androidx.credentials.playservices.CredentialProviderPlayServicesImpl" />
173-->[androidx.credentials:credentials-play-services-auth:1.2.0-rc01] AndroidManifest.xml:31:17-101
174        </service>
175
176        <activity
176-->[androidx.credentials:credentials-play-services-auth:1.2.0-rc01] AndroidManifest.xml:34:9-41:20
177            android:name="androidx.credentials.playservices.HiddenActivity"
177-->[androidx.credentials:credentials-play-services-auth:1.2.0-rc01] AndroidManifest.xml:35:13-76
178            android:configChanges="orientation|screenSize|screenLayout|keyboardHidden"
178-->[androidx.credentials:credentials-play-services-auth:1.2.0-rc01] AndroidManifest.xml:36:13-87
179            android:enabled="true"
179-->[androidx.credentials:credentials-play-services-auth:1.2.0-rc01] AndroidManifest.xml:37:13-35
180            android:exported="false"
180-->[androidx.credentials:credentials-play-services-auth:1.2.0-rc01] AndroidManifest.xml:38:13-37
181            android:fitsSystemWindows="true"
181-->[androidx.credentials:credentials-play-services-auth:1.2.0-rc01] AndroidManifest.xml:39:13-45
182            android:theme="@style/Theme.Hidden" >
182-->[androidx.credentials:credentials-play-services-auth:1.2.0-rc01] AndroidManifest.xml:40:13-48
183        </activity>
184        <activity
184-->[com.google.android.gms:play-services-auth:21.0.0] AndroidManifest.xml:23:9-27:75
185            android:name="com.google.android.gms.auth.api.signin.internal.SignInHubActivity"
185-->[com.google.android.gms:play-services-auth:21.0.0] AndroidManifest.xml:24:13-93
186            android:excludeFromRecents="true"
186-->[com.google.android.gms:play-services-auth:21.0.0] AndroidManifest.xml:25:13-46
187            android:exported="false"
187-->[com.google.android.gms:play-services-auth:21.0.0] AndroidManifest.xml:26:13-37
188            android:theme="@android:style/Theme.Translucent.NoTitleBar" />
188-->[com.google.android.gms:play-services-auth:21.0.0] AndroidManifest.xml:27:13-72
189        <!--
190            Service handling Google Sign-In user revocation. For apps that do not integrate with
191            Google Sign-In, this service will never be started.
192        -->
193        <service
193-->[com.google.android.gms:play-services-auth:21.0.0] AndroidManifest.xml:33:9-37:51
194            android:name="com.google.android.gms.auth.api.signin.RevocationBoundService"
194-->[com.google.android.gms:play-services-auth:21.0.0] AndroidManifest.xml:34:13-89
195            android:exported="true"
195-->[com.google.android.gms:play-services-auth:21.0.0] AndroidManifest.xml:35:13-36
196            android:permission="com.google.android.gms.auth.api.signin.permission.REVOCATION_NOTIFICATION"
196-->[com.google.android.gms:play-services-auth:21.0.0] AndroidManifest.xml:36:13-107
197            android:visibleToInstantApps="true" />
197-->[com.google.android.gms:play-services-auth:21.0.0] AndroidManifest.xml:37:13-48
198
199        <provider
199-->[com.google.firebase:firebase-common:21.0.0] AndroidManifest.xml:23:9-28:39
200            android:name="com.google.firebase.provider.FirebaseInitProvider"
200-->[com.google.firebase:firebase-common:21.0.0] AndroidManifest.xml:24:13-77
201            android:authorities="com.example.gym_bay_beo.firebaseinitprovider"
201-->[com.google.firebase:firebase-common:21.0.0] AndroidManifest.xml:25:13-72
202            android:directBootAware="true"
202-->[com.google.firebase:firebase-common:21.0.0] AndroidManifest.xml:26:13-43
203            android:exported="false"
203-->[com.google.firebase:firebase-common:21.0.0] AndroidManifest.xml:27:13-37
204            android:initOrder="100" />
204-->[com.google.firebase:firebase-common:21.0.0] AndroidManifest.xml:28:13-36
205
206        <activity
206-->[com.google.android.gms:play-services-base:18.1.0] AndroidManifest.xml:20:9-22:45
207            android:name="com.google.android.gms.common.api.GoogleApiActivity"
207-->[com.google.android.gms:play-services-base:18.1.0] AndroidManifest.xml:20:19-85
208            android:exported="false"
208-->[com.google.android.gms:play-services-base:18.1.0] AndroidManifest.xml:22:19-43
209            android:theme="@android:style/Theme.Translucent.NoTitleBar" />
209-->[com.google.android.gms:play-services-base:18.1.0] AndroidManifest.xml:21:19-78
210
211        <uses-library
211-->[androidx.window:window:1.2.0] AndroidManifest.xml:23:9-25:40
212            android:name="androidx.window.extensions"
212-->[androidx.window:window:1.2.0] AndroidManifest.xml:24:13-54
213            android:required="false" />
213-->[androidx.window:window:1.2.0] AndroidManifest.xml:25:13-37
214        <uses-library
214-->[androidx.window:window:1.2.0] AndroidManifest.xml:26:9-28:40
215            android:name="androidx.window.sidecar"
215-->[androidx.window:window:1.2.0] AndroidManifest.xml:27:13-51
216            android:required="false" />
216-->[androidx.window:window:1.2.0] AndroidManifest.xml:28:13-37
217
218        <meta-data
218-->[com.google.android.gms:play-services-basement:18.4.0] AndroidManifest.xml:6:9-122
219            android:name="com.google.android.gms.version"
219-->[com.google.android.gms:play-services-basement:18.4.0] AndroidManifest.xml:6:20-65
220            android:value="@integer/google_play_services_version" />
220-->[com.google.android.gms:play-services-basement:18.4.0] AndroidManifest.xml:6:66-119
221
222        <provider
222-->[androidx.emoji2:emoji2:1.2.0] AndroidManifest.xml:24:9-32:20
223            android:name="androidx.startup.InitializationProvider"
223-->[androidx.emoji2:emoji2:1.2.0] AndroidManifest.xml:25:13-67
224            android:authorities="com.example.gym_bay_beo.androidx-startup"
224-->[androidx.emoji2:emoji2:1.2.0] AndroidManifest.xml:26:13-68
225            android:exported="false" >
225-->[androidx.emoji2:emoji2:1.2.0] AndroidManifest.xml:27:13-37
226            <meta-data
226-->[androidx.emoji2:emoji2:1.2.0] AndroidManifest.xml:29:13-31:52
227                android:name="androidx.emoji2.text.EmojiCompatInitializer"
227-->[androidx.emoji2:emoji2:1.2.0] AndroidManifest.xml:30:17-75
228                android:value="androidx.startup" />
228-->[androidx.emoji2:emoji2:1.2.0] AndroidManifest.xml:31:17-49
229            <meta-data
229-->[androidx.lifecycle:lifecycle-process:2.7.0] AndroidManifest.xml:29:13-31:52
230                android:name="androidx.lifecycle.ProcessLifecycleInitializer"
230-->[androidx.lifecycle:lifecycle-process:2.7.0] AndroidManifest.xml:30:17-78
231                android:value="androidx.startup" />
231-->[androidx.lifecycle:lifecycle-process:2.7.0] AndroidManifest.xml:31:17-49
232            <meta-data
232-->[androidx.profileinstaller:profileinstaller:1.3.1] AndroidManifest.xml:29:13-31:52
233                android:name="androidx.profileinstaller.ProfileInstallerInitializer"
233-->[androidx.profileinstaller:profileinstaller:1.3.1] AndroidManifest.xml:30:17-85
234                android:value="androidx.startup" />
234-->[androidx.profileinstaller:profileinstaller:1.3.1] AndroidManifest.xml:31:17-49
235        </provider>
236
237        <receiver
237-->[androidx.profileinstaller:profileinstaller:1.3.1] AndroidManifest.xml:34:9-52:20
238            android:name="androidx.profileinstaller.ProfileInstallReceiver"
238-->[androidx.profileinstaller:profileinstaller:1.3.1] AndroidManifest.xml:35:13-76
239            android:directBootAware="false"
239-->[androidx.profileinstaller:profileinstaller:1.3.1] AndroidManifest.xml:36:13-44
240            android:enabled="true"
240-->[androidx.profileinstaller:profileinstaller:1.3.1] AndroidManifest.xml:37:13-35
241            android:exported="true"
241-->[androidx.profileinstaller:profileinstaller:1.3.1] AndroidManifest.xml:38:13-36
242            android:permission="android.permission.DUMP" >
242-->[androidx.profileinstaller:profileinstaller:1.3.1] AndroidManifest.xml:39:13-57
243            <intent-filter>
243-->[androidx.profileinstaller:profileinstaller:1.3.1] AndroidManifest.xml:40:13-42:29
244                <action android:name="androidx.profileinstaller.action.INSTALL_PROFILE" />
244-->[androidx.profileinstaller:profileinstaller:1.3.1] AndroidManifest.xml:41:17-91
244-->[androidx.profileinstaller:profileinstaller:1.3.1] AndroidManifest.xml:41:25-88
245            </intent-filter>
246            <intent-filter>
246-->[androidx.profileinstaller:profileinstaller:1.3.1] AndroidManifest.xml:43:13-45:29
247                <action android:name="androidx.profileinstaller.action.SKIP_FILE" />
247-->[androidx.profileinstaller:profileinstaller:1.3.1] AndroidManifest.xml:44:17-85
247-->[androidx.profileinstaller:profileinstaller:1.3.1] AndroidManifest.xml:44:25-82
248            </intent-filter>
249            <intent-filter>
249-->[androidx.profileinstaller:profileinstaller:1.3.1] AndroidManifest.xml:46:13-48:29
250                <action android:name="androidx.profileinstaller.action.SAVE_PROFILE" />
250-->[androidx.profileinstaller:profileinstaller:1.3.1] AndroidManifest.xml:47:17-88
250-->[androidx.profileinstaller:profileinstaller:1.3.1] AndroidManifest.xml:47:25-85
251            </intent-filter>
252            <intent-filter>
252-->[androidx.profileinstaller:profileinstaller:1.3.1] AndroidManifest.xml:49:13-51:29
253                <action android:name="androidx.profileinstaller.action.BENCHMARK_OPERATION" />
253-->[androidx.profileinstaller:profileinstaller:1.3.1] AndroidManifest.xml:50:17-95
253-->[androidx.profileinstaller:profileinstaller:1.3.1] AndroidManifest.xml:50:25-92
254            </intent-filter>
255        </receiver>
256
257        <activity
257-->[com.journeyapps:zxing-android-embedded:4.3.0] AndroidManifest.xml:47:9-53:63
258            android:name="com.journeyapps.barcodescanner.CaptureActivity"
258-->[com.journeyapps:zxing-android-embedded:4.3.0] AndroidManifest.xml:48:13-74
259            android:clearTaskOnLaunch="true"
259-->[com.journeyapps:zxing-android-embedded:4.3.0] AndroidManifest.xml:49:13-45
260            android:screenOrientation="sensorLandscape"
260-->[com.journeyapps:zxing-android-embedded:4.3.0] AndroidManifest.xml:50:13-56
261            android:stateNotNeeded="true"
261-->[com.journeyapps:zxing-android-embedded:4.3.0] AndroidManifest.xml:51:13-42
262            android:theme="@style/zxing_CaptureTheme"
262-->[com.journeyapps:zxing-android-embedded:4.3.0] AndroidManifest.xml:52:13-54
263            android:windowSoftInputMode="stateAlwaysHidden" /> <!-- The activities will be merged into the manifest of the hosting app. -->
263-->[com.journeyapps:zxing-android-embedded:4.3.0] AndroidManifest.xml:53:13-60
264        <activity
264-->[com.google.android.play:core-common:2.0.3] AndroidManifest.xml:14:9-18:65
265            android:name="com.google.android.play.core.common.PlayCoreDialogWrapperActivity"
265-->[com.google.android.play:core-common:2.0.3] AndroidManifest.xml:15:13-93
266            android:exported="false"
266-->[com.google.android.play:core-common:2.0.3] AndroidManifest.xml:16:13-37
267            android:stateNotNeeded="true"
267-->[com.google.android.play:core-common:2.0.3] AndroidManifest.xml:17:13-42
268            android:theme="@style/Theme.PlayCore.Transparent" />
268-->[com.google.android.play:core-common:2.0.3] AndroidManifest.xml:18:13-62
269    </application>
270
271</manifest>